<?xml version="1.0" encoding="UTF-8"?>
<!-- Generated by org.testng.reporters.JUnitReportReporter -->
<testsuite skipped="0" hostname="Gudimalla-India" name="launch.Softassert" tests="1" failures="0" timestamp="09 Apr 2021 05:29:49 GMT" time="9.971" errors="0">
  <testcase name="tc4" time="9.971" classname="launch.Softassert"/>
</testsuite> <!-- launch.Softassert -->
