<?xml version="1.0" encoding="UTF-8"?>
<!-- Generated by org.testng.reporters.JUnitReportReporter -->
<testsuite skipped="0" hostname="Gudimalla-India" name="launch.FacebookLaunch" tests="3" failures="0" timestamp="07 Apr 2021 13:27:55 GMT" time="0.078" errors="0">
  <testcase name="tc3" time="0.029" classname="launch.FacebookLaunch"/>
  <testcase name="tc2" time="0.022" classname="launch.FacebookLaunch"/>
  <testcase name="tc1" time="0.027" classname="launch.FacebookLaunch"/>
</testsuite> <!-- launch.FacebookLaunch -->
