<?xml version="1.0" encoding="UTF-8"?>
<!-- Generated by org.testng.reporters.JUnitReportReporter -->
<testsuite skipped="0" hostname="Gudimalla-India" name="launch.Baseclass" tests="3" failures="0" timestamp="09 Apr 2021 07:10:33 GMT" time="0.031" errors="0">
  <testcase name="tc2" time="0.015" classname="launch.Baseclass"/>
  <testcase name="tc3" time="0.000" classname="launch.Baseclass"/>
  <testcase name="tc1" time="0.016" classname="launch.Baseclass"/>
</testsuite> <!-- launch.Baseclass -->
