<?xml version="1.0" encoding="UTF-8"?>
<!-- Generated by org.testng.reporters.JUnitReportReporter -->
<testsuite skipped="0" hostname="Gudimalla-India" name="launch.Ada" tests="2" failures="0" timestamp="18 Apr 2021 06:15:45 GMT" time="2.571" errors="0">
  <testcase name="tc1" time="1.890" classname="launch.Ada"/>
  <testcase name="tc2" time="0.681" classname="launch.Ada"/>
</testsuite> <!-- launch.Ada -->
