<?xml version="1.0" encoding="UTF-8"?>
<!-- Generated by org.testng.reporters.JUnitReportReporter -->
<testsuite skipped="0" hostname="Gudimalla-India" name="launch.Time" tests="3" failures="0" timestamp="10 Apr 2021 05:06:41 GMT" time="0.107" errors="0">
  <testcase name="tc1" time="0.045" classname="launch.Time"/>
  <testcase name="tc2" time="0.031" classname="launch.Time"/>
  <testcase name="tc3" time="0.031" classname="launch.Time"/>
</testsuite> <!-- launch.Time -->
