<?xml version="1.0" encoding="UTF-8"?>
<!-- Generated by org.testng.reporters.JUnitReportReporter -->
<testsuite skipped="0" hostname="Gudimalla-India" name="launch.Groupingtestng2" tests="2" failures="0" timestamp="09 Apr 2021 06:23:18 GMT" time="0.016" errors="0">
  <testcase name="tc4" time="0.016" classname="launch.Groupingtestng2"/>
  <testcase name="tc5" time="0.000" classname="launch.Groupingtestng2"/>
</testsuite> <!-- launch.Groupingtestng2 -->
