<?xml version="1.0" encoding="UTF-8"?>
<!-- Generated by org.testng.reporters.JUnitReportReporter -->
<testsuite skipped="0" hostname="Gudimalla-India" name="launch.Credentials" tests="3" failures="0" timestamp="08 Apr 2021 12:01:50 GMT" time="31.420" errors="0">
  <testcase name="tc1" time="7.600" classname="launch.Credentials"/>
  <testcase name="tc1" time="7.717" classname="launch.Credentials"/>
  <testcase name="tc1" time="16.103" classname="launch.Credentials"/>
</testsuite> <!-- launch.Credentials -->
