<?xml version="1.0" encoding="UTF-8"?>
<!-- Generated by org.testng.reporters.JUnitReportReporter -->
<testsuite skipped="0" hostname="Gudimalla-India" name="launch.Groupingtestng1" tests="2" failures="0" timestamp="09 Apr 2021 06:23:17 GMT" time="0.031" errors="0">
  <testcase name="tc2" time="0.031" classname="launch.Groupingtestng1"/>
  <testcase name="tc3" time="0.000" classname="launch.Groupingtestng1"/>
</testsuite> <!-- launch.Groupingtestng1 -->
