<?xml version="1.0" encoding="UTF-8"?>
<!-- Generated by org.testng.reporters.JUnitReportReporter -->
<testsuite skipped="1" hostname="Gudimalla-India" name="launch.Browser" tests="3" failures="0" timestamp="08 Apr 2021 09:26:01 GMT" time="40.967" errors="0">
  <testcase name="tc6" time="23.661" classname="launch.Browser"/>
  <testcase name="tc4" time="17.306" classname="launch.Browser"/>
  <testcase name="tc5" classname="launch.Browser">
    <skipped/>
  </testcase> <!-- tc5 -->
</testsuite> <!-- launch.Browser -->
