<?xml version="1.0" encoding="UTF-8"?>
<!-- Generated by org.testng.reporters.JUnitReportReporter -->
<testsuite skipped="0" hostname="Gudimalla-India" name="launch.LaunchBrowser" tests="5" failures="0" timestamp="10 Apr 2021 05:46:08 GMT" time="101.440" errors="0">
  <testcase name="tc2" time="27.215" classname="launch.LaunchBrowser"/>
  <testcase name="tc3" time="20.740" classname="launch.LaunchBrowser"/>
  <testcase name="tc3" time="15.260" classname="launch.LaunchBrowser"/>
  <testcase name="tc1" time="22.471" classname="launch.LaunchBrowser"/>
  <testcase name="tc3" time="15.754" classname="launch.LaunchBrowser"/>
</testsuite> <!-- launch.LaunchBrowser -->
