<?xml version="1.0" encoding="UTF-8"?>
<!-- Generated by org.testng.reporters.JUnitReportReporter -->
<testsuite skipped="0" hostname="Gudimalla-India" name="launch.Cases" tests="3" failures="0" timestamp="10 Apr 2021 05:06:41 GMT" time="0.135" errors="0">
  <testcase name="tc5" time="0.045" classname="launch.Cases"/>
  <testcase name="tc6" time="0.045" classname="launch.Cases"/>
  <testcase name="tc4" time="0.045" classname="launch.Cases"/>
</testsuite> <!-- launch.Cases -->
